<?xml version="1.0" encoding="UTF-8"?>
<!-- Generated by org.testng.reporters.JUnitReportReporter -->
<testsuite hostname="DESKTOP-4FFBNMC" failures="0" tests="2" name="executePageClasses.ActiveVisitTestClass" time="62.251" errors="0" timestamp="2023-08-21T22:28:54 IST" skipped="0">
  <testcase classname="executePageClasses.ActiveVisitTestClass" name="verifyThePatientIsNotDisplayedInActiveVisitsWhenVisitNotStarted" time="26.998"/>
  <system-out/>
  <testcase classname="executePageClasses.ActiveVisitTestClass" name="verifyThePatientIsInActiveVisitsWhenVisitStarts" time="35.253"/>
  <system-out/>
</testsuite> <!-- executePageClasses.ActiveVisitTestClass -->
