<?xml version="1.0" encoding="UTF-8"?>
<!-- Generated by org.testng.reporters.JUnitReportReporter -->
<testsuite hostname="DESKTOP-IHOT62P" failures="0" tests="1" name="executePageClasses.HomePageTestClass" time="10.235" errors="0" timestamp="2023-08-17T19:04:14 AEST" skipped="0">
  <testcase classname="executePageClasses.HomePageTestClass" name="verifyAllTilesAreDisplayedInHomePage" time="10.235"/>
  <system-out/>
</testsuite> <!-- executePageClasses.HomePageTestClass -->
